TN:
SF:./public/js/main.js
FN:4,refreshStockPrices
FN:7,(anonymous_2)
FN:12,totalStocks
FN:13,(anonymous_4)
FN:18,addStockToTable
FN:35,getStock
FN:38,(anonymous_7)
FN:43,getMultipleStocks
FN:45,(anonymous_9)
FN:46,(anonymous_10)
FN:50,(anonymous_11)
FN:56,hello
FNF:12
FNH:9
FNDA:1,refreshStockPrices
FNDA:2,(anonymous_2)
FNDA:2,totalStocks
FNDA:4,(anonymous_4)
FNDA:3,addStockToTable
FNDA:5,getStock
FNDA:0,(anonymous_7)
FNDA:1,getMultipleStocks
FNDA:2,(anonymous_9)
FNDA:0,(anonymous_10)
FNDA:0,(anonymous_11)
FNDA:1,hello
DA:4,1
DA:5,1
DA:7,1
DA:8,2
DA:12,1
DA:13,2
DA:14,4
DA:18,1
DA:19,3
DA:20,1
DA:23,2
DA:25,2
DA:26,2
DA:27,2
DA:28,2
DA:30,2
DA:32,2
DA:35,1
DA:36,5
DA:38,5
DA:39,0
DA:43,1
DA:44,1
DA:46,2
DA:47,0
DA:51,0
DA:56,1
DA:57,1
LF:28
LH:25
BRDA:19,1,0,1
BRDA:19,1,1,2
BRF:2
BRH:2
end_of_record
